10313.8 14046.1 14046.1 14046.1 14046.1 14046.1 15777.1 15777.1 19415 19415 19415 19415 19415 19415 19415 19415 
---------------------

---------------------
19415 19415 19415 19415 19415 19415 19415 19415 19415 19415 
---------------------
19415 19415 
---------------------
19415 19415 19415 19415 19415 19415 19415 19415 19415 19415 19415 19415 19415 
---------------------
19415 19415 19415 
---------------------
19415 19415 19415 
---------------------

---------------------
19415 19744.9 19744.9 19744.9 19744.9 19744.9 19744.9 19744.9 19744.9 
---------------------
19744.9 19744.9 
---------------------
19744.9 19744.9 19744.9 19744.9 19744.9 19744.9 
---------------------
19744.9 19744.9 19744.9 
---------------------
19744.9 19744.9 19744.9 
---------------------
19744.9 19744.9 19744.9 19744.9 
---------------------
19744.9 19744.9 
---------------------
19744.9 19744.9 19744.9 
---------------------
19744.9 
---------------------
19744.9 
---------------------

---------------------
19744.910